2023-08-13 20:08:233 INFO  GamesPage :34 - mouse hover : [[ChromeDriver: chrome on windows (158a79be56f03f85c1d2e12cb093cac5)] -> xpath: //a[@id='games']]
2023-08-13 20:08:299 INFO  GamesPage :39 - click on element : [[ChromeDriver: chrome on windows (158a79be56f03f85c1d2e12cb093cac5)] -> xpath: //body/div[1]/div[1]/nav[1]/div[1]/div[1]/ul[1]/li[2]/ul[1]/li[1]/a[1]]
2023-08-13 20:08:312 INFO  GamesPage :43 - Message : [[ChromeDriver: chrome on windows (158a79be56f03f85c1d2e12cb093cac5)] -> xpath: //h1[contains(text(),'Bingo')]]
2023-08-13 20:08:417 INFO  GamesPage :34 - mouse hover : [[ChromeDriver: chrome on windows (c525f5e52f15e5496a7d5b5c54ff5020)] -> xpath: //a[@id='games']]
2023-08-13 20:08:543 INFO  GamesPage :39 - click on element : [[ChromeDriver: chrome on windows (c525f5e52f15e5496a7d5b5c54ff5020)] -> xpath: //body/div[1]/div[1]/nav[1]/div[1]/div[1]/ul[1]/li[2]/ul[1]/li[1]/a[1]]
2023-08-13 20:08:914 INFO  SlotsPage :38 - click on element : [[ChromeDriver: chrome on windows (c525f5e52f15e5496a7d5b5c54ff5020)] -> xpath: //body/div[@id='wrapper']/div[@id='wide-column-lobby']/div[2]/div[1]/div[1]/div[2]/button[1]/span[1]]
2023-08-13 20:08:05 INFO  SlotsPage :58 - click on element : [[ChromeDriver: chrome on windows (c525f5e52f15e5496a7d5b5c54ff5020)] -> xpath: //body[1]/div[2]/div[2]/div[4]/a[1]/h5[1]]
2023-08-13 20:08:263 INFO  SlotsPage :63 - Message : [[ChromeDriver: chrome on windows (c525f5e52f15e5496a7d5b5c54ff5020)] -> xpath: //tbody/tr[1]/td[1]/div[1]/div[1]/center[1]/img[1]]
2023-08-13 20:08:979 INFO  GamesPage :34 - mouse hover : [[ChromeDriver: chrome on windows (1816b062546a5187fe7db4b896da8522)] -> xpath: //a[@id='games']]
2023-08-13 20:08:51 INFO  GamesPage :39 - click on element : [[ChromeDriver: chrome on windows (1816b062546a5187fe7db4b896da8522)] -> xpath: //body/div[1]/div[1]/nav[1]/div[1]/div[1]/ul[1]/li[2]/ul[1]/li[1]/a[1]]
2023-08-13 20:08:67 INFO  GamesPage :43 - Message : [[ChromeDriver: chrome on windows (1816b062546a5187fe7db4b896da8522)] -> xpath: //h1[contains(text(),'Bingo')]]
2023-08-13 20:08:89 INFO  GamesPage :34 - mouse hover : [[ChromeDriver: chrome on windows (abe3354272faea6f211b3cda7124d113)] -> xpath: //a[@id='games']]
2023-08-13 20:08:175 INFO  GamesPage :39 - click on element : [[ChromeDriver: chrome on windows (abe3354272faea6f211b3cda7124d113)] -> xpath: //body/div[1]/div[1]/nav[1]/div[1]/div[1]/ul[1]/li[2]/ul[1]/li[1]/a[1]]
2023-08-13 20:08:580 INFO  SlotsPage :38 - click on element : [[ChromeDriver: chrome on windows (abe3354272faea6f211b3cda7124d113)] -> xpath: //body/div[@id='wrapper']/div[@id='wide-column-lobby']/div[2]/div[1]/div[1]/div[2]/button[1]/span[1]]
2023-08-13 20:08:663 INFO  SlotsPage :58 - click on element : [[ChromeDriver: chrome on windows (abe3354272faea6f211b3cda7124d113)] -> xpath: //body[1]/div[2]/div[2]/div[4]/a[1]/h5[1]]
2023-08-13 20:08:926 INFO  SlotsPage :63 - Message : [[ChromeDriver: chrome on windows (abe3354272faea6f211b3cda7124d113)] -> xpath: //tbody/tr[1]/td[1]/div[1]/div[1]/center[1]/img[1]]
2023-08-18 09:08:536 INFO  GamesPage :34 - mouse hover : [[ChromeDriver: chrome on windows (7aab9cedfe1b748ca056a3f12451c4f2)] -> xpath: //a[@id='games']]
2023-08-18 09:08:574 INFO  GamesPage :39 - click on element : [[ChromeDriver: chrome on windows (7aab9cedfe1b748ca056a3f12451c4f2)] -> xpath: //body/div[1]/div[1]/nav[1]/div[1]/div[1]/ul[1]/li[2]/ul[1]/li[1]/a[1]]
2023-08-18 09:08:589 INFO  GamesPage :43 - Message : [[ChromeDriver: chrome on windows (7aab9cedfe1b748ca056a3f12451c4f2)] -> xpath: //h1[contains(text(),'Bingo')]]
2023-08-18 09:08:643 INFO  GamesPage :34 - mouse hover : [[ChromeDriver: chrome on windows (6778910efa8746136e0f69399dadf51a)] -> xpath: //a[@id='games']]
2023-08-18 09:08:656 INFO  GamesPage :39 - click on element : [[ChromeDriver: chrome on windows (6778910efa8746136e0f69399dadf51a)] -> xpath: //body/div[1]/div[1]/nav[1]/div[1]/div[1]/ul[1]/li[2]/ul[1]/li[1]/a[1]]
2023-08-18 09:08:49 INFO  SlotsPage :38 - click on element : [[ChromeDriver: chrome on windows (6778910efa8746136e0f69399dadf51a)] -> xpath: //body/div[@id='wrapper']/div[@id='wide-column-lobby']/div[2]/div[1]/div[1]/div[2]/button[1]/span[1]]
2023-08-18 09:08:157 INFO  SlotsPage :58 - click on element : [[ChromeDriver: chrome on windows (6778910efa8746136e0f69399dadf51a)] -> xpath: //body[1]/div[2]/div[2]/div[4]/a[1]/h5[1]]
2023-08-18 09:08:407 INFO  SlotsPage :63 - Message : [[ChromeDriver: chrome on windows (6778910efa8746136e0f69399dadf51a)] -> xpath: //tbody/tr[1]/td[1]/div[1]/div[1]/center[1]/img[1]]
2023-08-18 10:08:366 INFO  GamesPage :34 - mouse hover : [[ChromeDriver: chrome on WINDOWS (53c9b14e637cc832425fa71cca6b4bda)] -> xpath: //a[@id='games']]
2023-08-18 10:08:468 INFO  GamesPage :39 - click on element : [[ChromeDriver: chrome on WINDOWS (53c9b14e637cc832425fa71cca6b4bda)] -> xpath: //body/div[1]/div[1]/nav[1]/div[1]/div[1]/ul[1]/li[2]/ul[1]/li[1]/a[1]]
2023-08-18 10:08:513 INFO  GamesPage :34 - mouse hover : [[ChromeDriver: chrome on WINDOWS (44f649db9a396ddbcb18e4e412edcd85)] -> xpath: //a[@id='games']]
2023-08-18 10:08:299 INFO  GamesPage :39 - click on element : [[ChromeDriver: chrome on WINDOWS (44f649db9a396ddbcb18e4e412edcd85)] -> xpath: //body/div[1]/div[1]/nav[1]/div[1]/div[1]/ul[1]/li[2]/ul[1]/li[1]/a[1]]
2023-08-18 10:08:314 INFO  GamesPage :43 - Message : [[ChromeDriver: chrome on WINDOWS (44f649db9a396ddbcb18e4e412edcd85)] -> xpath: //h1[contains(text(),'Bingo')]]
2023-08-18 10:08:433 INFO  GamesPage :34 - mouse hover : [[ChromeDriver: chrome on WINDOWS (0bcb8a4ecdfed935107e8fd700b2e12c)] -> xpath: //a[@id='games']]
2023-08-18 10:08:465 INFO  GamesPage :39 - click on element : [[ChromeDriver: chrome on WINDOWS (0bcb8a4ecdfed935107e8fd700b2e12c)] -> xpath: //body/div[1]/div[1]/nav[1]/div[1]/div[1]/ul[1]/li[2]/ul[1]/li[1]/a[1]]
2023-08-18 10:08:477 INFO  GamesPage :43 - Message : [[ChromeDriver: chrome on WINDOWS (0bcb8a4ecdfed935107e8fd700b2e12c)] -> xpath: //h1[contains(text(),'Bingo')]]
2023-08-18 10:08:42 INFO  GamesPage :34 - mouse hover : [[ChromeDriver: chrome on WINDOWS (6cfeec668094ff734710808d95f90ad6)] -> xpath: //a[@id='games']]
2023-08-18 10:08:148 INFO  GamesPage :39 - click on element : [[ChromeDriver: chrome on WINDOWS (6cfeec668094ff734710808d95f90ad6)] -> xpath: //body/div[1]/div[1]/nav[1]/div[1]/div[1]/ul[1]/li[2]/ul[1]/li[1]/a[1]]
2023-08-18 10:08:523 INFO  SlotsPage :38 - click on element : [[ChromeDriver: chrome on WINDOWS (6cfeec668094ff734710808d95f90ad6)] -> xpath: //body/div[@id='wrapper']/div[@id='wide-column-lobby']/div[2]/div[1]/div[1]/div[2]/button[1]/span[1]]
2023-08-18 10:08:628 INFO  SlotsPage :58 - click on element : [[ChromeDriver: chrome on WINDOWS (6cfeec668094ff734710808d95f90ad6)] -> xpath: //body[1]/div[2]/div[2]/div[4]/a[1]/h5[1]]
2023-08-18 10:08:886 INFO  SlotsPage :63 - Message : [[ChromeDriver: chrome on WINDOWS (6cfeec668094ff734710808d95f90ad6)] -> xpath: //tbody/tr[1]/td[1]/div[1]/div[1]/center[1]/img[1]]
2023-08-18 10:08:966 INFO  GamesPage :34 - mouse hover : [[ChromeDriver: chrome on WINDOWS (e621a04f90b7361348b8ac1d09685936)] -> xpath: //a[@id='games']]
2023-08-18 10:08:788 INFO  GamesPage :39 - click on element : [[ChromeDriver: chrome on WINDOWS (e621a04f90b7361348b8ac1d09685936)] -> xpath: //body/div[1]/div[1]/nav[1]/div[1]/div[1]/ul[1]/li[2]/ul[1]/li[1]/a[1]]
2023-08-18 10:08:178 INFO  SlotsPage :38 - click on element : [[ChromeDriver: chrome on WINDOWS (e621a04f90b7361348b8ac1d09685936)] -> xpath: //body/div[@id='wrapper']/div[@id='wide-column-lobby']/div[2]/div[1]/div[1]/div[2]/button[1]/span[1]]
2023-08-18 10:08:276 INFO  SlotsPage :58 - click on element : [[ChromeDriver: chrome on WINDOWS (e621a04f90b7361348b8ac1d09685936)] -> xpath: //body[1]/div[2]/div[2]/div[4]/a[1]/h5[1]]
2023-08-18 10:08:531 INFO  SlotsPage :63 - Message : [[ChromeDriver: chrome on WINDOWS (e621a04f90b7361348b8ac1d09685936)] -> xpath: //tbody/tr[1]/td[1]/div[1]/div[1]/center[1]/img[1]]
2023-08-18 10:08:679 INFO  GamesPage :34 - mouse hover : [[ChromeDriver: chrome on WINDOWS (6b96675b4dda84e0a57a0daa2b512f27)] -> xpath: //a[@id='games']]
2023-08-18 10:08:732 INFO  GamesPage :39 - click on element : [[ChromeDriver: chrome on WINDOWS (6b96675b4dda84e0a57a0daa2b512f27)] -> xpath: //body/div[1]/div[1]/nav[1]/div[1]/div[1]/ul[1]/li[2]/ul[1]/li[1]/a[1]]
2023-08-18 10:08:748 INFO  GamesPage :43 - Message : [[ChromeDriver: chrome on WINDOWS (6b96675b4dda84e0a57a0daa2b512f27)] -> xpath: //h1[contains(text(),'Bingo')]]
2023-08-18 11:08:657 INFO  GamesPage :34 - mouse hover : [[ChromeDriver: chrome on WINDOWS (6b4e07dfaeda68bd7b3970d3d74b5d47)] -> xpath: //a[@id='games']]
2023-08-18 11:08:712 INFO  GamesPage :39 - click on element : [[ChromeDriver: chrome on WINDOWS (6b4e07dfaeda68bd7b3970d3d74b5d47)] -> xpath: //body/div[1]/div[1]/nav[1]/div[1]/div[1]/ul[1]/li[2]/ul[1]/li[1]/a[1]]
2023-08-18 11:08:737 INFO  GamesPage :43 - Message : [[ChromeDriver: chrome on WINDOWS (6b4e07dfaeda68bd7b3970d3d74b5d47)] -> xpath: //h1[contains(text(),'Bingo')]]
2023-08-18 11:08:981 INFO  GamesPage :34 - mouse hover : [[ChromeDriver: chrome on WINDOWS (c32f15e1f7a2369a7e61267169b8752b)] -> xpath: //a[@id='games']]
2023-08-18 11:08:920 INFO  GamesPage :39 - click on element : [[ChromeDriver: chrome on WINDOWS (c32f15e1f7a2369a7e61267169b8752b)] -> xpath: //body/div[1]/div[1]/nav[1]/div[1]/div[1]/ul[1]/li[2]/ul[1]/li[1]/a[1]]
2023-08-18 11:08:443 INFO  SlotsPage :38 - click on element : [[ChromeDriver: chrome on WINDOWS (c32f15e1f7a2369a7e61267169b8752b)] -> xpath: //body/div[@id='wrapper']/div[@id='wide-column-lobby']/div[2]/div[1]/div[1]/div[2]/button[1]/span[1]]
2023-08-18 11:08:609 INFO  SlotsPage :58 - click on element : [[ChromeDriver: chrome on WINDOWS (c32f15e1f7a2369a7e61267169b8752b)] -> xpath: //body[1]/div[2]/div[2]/div[4]/a[1]/h5[1]]
2023-08-18 11:08:901 INFO  SlotsPage :63 - Message : [[ChromeDriver: chrome on WINDOWS (c32f15e1f7a2369a7e61267169b8752b)] -> xpath: //tbody/tr[1]/td[1]/div[1]/div[1]/center[1]/img[1]]
2023-08-18 11:08:991 INFO  GamesPage :34 - mouse hover : [[ChromeDriver: chrome on WINDOWS (ba07f383e356910946ed6dbd284f0c60)] -> xpath: //a[@id='games']]
2023-08-18 11:08:75 INFO  GamesPage :39 - click on element : [[ChromeDriver: chrome on WINDOWS (ba07f383e356910946ed6dbd284f0c60)] -> xpath: //body/div[1]/div[1]/nav[1]/div[1]/div[1]/ul[1]/li[2]/ul[1]/li[1]/a[1]]
2023-08-18 11:08:97 INFO  GamesPage :43 - Message : [[ChromeDriver: chrome on WINDOWS (ba07f383e356910946ed6dbd284f0c60)] -> xpath: //h1[contains(text(),'Bingo')]]
2023-08-18 11:08:164 INFO  GamesPage :34 - mouse hover : [[ChromeDriver: chrome on WINDOWS (e9af79f9f6de06fbdcffe11fbbb7ead9)] -> xpath: //a[@id='games']]
2023-08-18 11:08:592 INFO  GamesPage :39 - click on element : [[ChromeDriver: chrome on WINDOWS (e9af79f9f6de06fbdcffe11fbbb7ead9)] -> xpath: //body/div[1]/div[1]/nav[1]/div[1]/div[1]/ul[1]/li[2]/ul[1]/li[1]/a[1]]
2023-08-18 11:08:86 INFO  SlotsPage :38 - click on element : [[ChromeDriver: chrome on WINDOWS (e9af79f9f6de06fbdcffe11fbbb7ead9)] -> xpath: //body/div[@id='wrapper']/div[@id='wide-column-lobby']/div[2]/div[1]/div[1]/div[2]/button[1]/span[1]]
2023-08-18 11:08:316 INFO  SlotsPage :58 - click on element : [[ChromeDriver: chrome on WINDOWS (e9af79f9f6de06fbdcffe11fbbb7ead9)] -> xpath: //body[1]/div[2]/div[2]/div[4]/a[1]/h5[1]]
2023-08-18 11:08:597 INFO  SlotsPage :63 - Message : [[ChromeDriver: chrome on WINDOWS (e9af79f9f6de06fbdcffe11fbbb7ead9)] -> xpath: //tbody/tr[1]/td[1]/div[1]/div[1]/center[1]/img[1]]
2023-08-18 11:08:36 INFO  GamesPage :34 - mouse hover : [[ChromeDriver: chrome on WINDOWS (b79f4c0159d524e1216662e1f76e7f0d)] -> xpath: //a[@id='games']]
2023-08-18 11:08:126 INFO  GamesPage :39 - click on element : [[ChromeDriver: chrome on WINDOWS (b79f4c0159d524e1216662e1f76e7f0d)] -> xpath: //body/div[1]/div[1]/nav[1]/div[1]/div[1]/ul[1]/li[2]/ul[1]/li[1]/a[1]]
2023-08-18 11:08:169 INFO  GamesPage :43 - Message : [[ChromeDriver: chrome on WINDOWS (b79f4c0159d524e1216662e1f76e7f0d)] -> xpath: //h1[contains(text(),'Bingo')]]
2023-08-18 12:08:218 INFO  GamesPage :34 - mouse hover : [[ChromeDriver: chrome on WINDOWS (e74e71f49a611eb318a824b53498ae16)] -> xpath: //a[@id='games']]
2023-08-18 12:08:289 INFO  GamesPage :39 - click on element : [[ChromeDriver: chrome on WINDOWS (e74e71f49a611eb318a824b53498ae16)] -> xpath: //body/div[1]/div[1]/nav[1]/div[1]/div[1]/ul[1]/li[2]/ul[1]/li[1]/a[1]]
2023-08-18 12:08:323 INFO  GamesPage :43 - Message : [[ChromeDriver: chrome on WINDOWS (e74e71f49a611eb318a824b53498ae16)] -> xpath: //h1[contains(text(),'Bingo')]]
2023-08-18 12:08:821 INFO  GamesPage :34 - mouse hover : [[ChromeDriver: chrome on WINDOWS (48a63cc6da71bd1fc0e7b72923ec3929)] -> xpath: //a[@id='games']]
2023-08-18 12:08:844 INFO  GamesPage :39 - click on element : [[ChromeDriver: chrome on WINDOWS (48a63cc6da71bd1fc0e7b72923ec3929)] -> xpath: //body/div[1]/div[1]/nav[1]/div[1]/div[1]/ul[1]/li[2]/ul[1]/li[1]/a[1]]
2023-08-18 12:08:360 INFO  SlotsPage :38 - click on element : [[ChromeDriver: chrome on WINDOWS (48a63cc6da71bd1fc0e7b72923ec3929)] -> xpath: //body/div[@id='wrapper']/div[@id='wide-column-lobby']/div[2]/div[1]/div[1]/div[2]/button[1]/span[1]]
2023-08-18 12:08:604 INFO  SlotsPage :58 - click on element : [[ChromeDriver: chrome on WINDOWS (48a63cc6da71bd1fc0e7b72923ec3929)] -> xpath: //body[1]/div[2]/div[2]/div[4]/a[1]/h5[1]]
2023-08-18 12:08:898 INFO  SlotsPage :63 - Message : [[ChromeDriver: chrome on WINDOWS (48a63cc6da71bd1fc0e7b72923ec3929)] -> xpath: //tbody/tr[1]/td[1]/div[1]/div[1]/center[1]/img[1]]
2023-08-18 22:08:784 INFO  GamesPage :34 - mouse hover : [[FirefoxDriver: firefox on WINDOWS (5e74e80b-0e1c-4e24-9bdd-3e738fef778b)] -> xpath: //a[@id='games']]
2023-08-18 22:08:148 INFO  GamesPage :39 - click on element : [[FirefoxDriver: firefox on WINDOWS (5e74e80b-0e1c-4e24-9bdd-3e738fef778b)] -> xpath: //body/div[1]/div[1]/nav[1]/div[1]/div[1]/ul[1]/li[2]/ul[1]/li[1]/a[1]]
2023-08-18 22:08:185 INFO  GamesPage :43 - Message : [[FirefoxDriver: firefox on WINDOWS (5e74e80b-0e1c-4e24-9bdd-3e738fef778b)] -> xpath: //h1[contains(text(),'Bingo')]]
2023-08-18 22:08:848 INFO  GamesPage :34 - mouse hover : [[FirefoxDriver: firefox on WINDOWS (a89ab396-ec07-4a88-88f8-9e459310962b)] -> xpath: //a[@id='games']]
2023-08-18 22:08:671 INFO  GamesPage :39 - click on element : [[FirefoxDriver: firefox on WINDOWS (a89ab396-ec07-4a88-88f8-9e459310962b)] -> xpath: //body/div[1]/div[1]/nav[1]/div[1]/div[1]/ul[1]/li[2]/ul[1]/li[1]/a[1]]
2023-08-18 22:08:576 INFO  SlotsPage :38 - click on element : [[FirefoxDriver: firefox on WINDOWS (a89ab396-ec07-4a88-88f8-9e459310962b)] -> xpath: //body/div[@id='wrapper']/div[@id='wide-column-lobby']/div[2]/div[1]/div[1]/div[2]/button[1]/span[1]]
2023-08-18 22:08:906 INFO  SlotsPage :58 - click on element : [[FirefoxDriver: firefox on WINDOWS (a89ab396-ec07-4a88-88f8-9e459310962b)] -> xpath: //body[1]/div[2]/div[2]/div[4]/a[1]/h5[1]]
2023-08-18 22:08:381 INFO  SlotsPage :63 - Message : [[FirefoxDriver: firefox on WINDOWS (a89ab396-ec07-4a88-88f8-9e459310962b)] -> xpath: //tbody/tr[1]/td[1]/div[1]/div[1]/center[1]/img[1]]
